[debug] [2024-06-30T06:58:37.955Z] ----------------------------------------------------------------------
[debug] [2024-06-30T06:58:37.958Z] Command:       C:\Program Files\nodejs\node.exe C:\Users\dell\AppData\Roaming\npm\node_modules\firebase-tools\lib\bin\firebase.js init
[debug] [2024-06-30T06:58:37.958Z] CLI Version:   13.11.2
[debug] [2024-06-30T06:58:37.958Z] Platform:      win32
[debug] [2024-06-30T06:58:37.959Z] Node Version:  v20.13.1
[debug] [2024-06-30T06:58:37.959Z] Time:          Sun Jun 30 2024 12:28:37 GMT+0530 (India Standard Time)
[debug] [2024-06-30T06:58:37.959Z] ----------------------------------------------------------------------
[debug] 
[debug] [2024-06-30T06:58:37.962Z] >>> [apiv2][query] GET https://firebase-public.firebaseio.com/cli.json [none]
[debug] [2024-06-30T06:58:38.038Z] > command requires scopes: ["email","openid","https://www.googleapis.com/auth/cloudplatformprojects.readonly","https://www.googleapis.com/auth/firebase","https://www.googleapis.com/auth/cloud-platform"]
[debug] [2024-06-30T06:58:38.038Z] > authorizing via signed-in user (aditya28singh2001@gmail.com)
[info] 
     ######## #### ########  ######## ########     ###     ######  ########
     ##        ##  ##     ## ##       ##     ##  ##   ##  ##       ##
     ######    ##  ########  ######   ########  #########  ######  ######
     ##        ##  ##    ##  ##       ##     ## ##     ##       ## ##
     ##       #### ##     ## ######## ########  ##     ##  ######  ########

You're about to initialize a Firebase project in this directory:

  C:\Users\dell\OneDrive\Desktop\expense-tracker

[debug] [2024-06-30T06:58:38.692Z] <<< [apiv2][status] GET https://firebase-public.firebaseio.com/cli.json 200
[debug] [2024-06-30T06:58:38.692Z] <<< [apiv2][body] GET https://firebase-public.firebaseio.com/cli.json {"cloudBuildErrorAfter":1594252800000,"cloudBuildWarnAfter":1590019200000,"defaultNode10After":1594252800000,"minVersion":"3.0.5","node8DeploysDisabledAfter":1613390400000,"node8RuntimeDisabledAfter":1615809600000,"node8WarnAfter":1600128000000}
[info] 
=== Project Setup
[info] 
[info] First, let's associate this project directory with a Firebase project.
[info] You can create multiple project aliases by running firebase use --add, 
[info] but for now we'll just set up a default project.
[info] 
[debug] [2024-06-30T06:59:17.874Z] > refreshing access token with scopes: []
[debug] [2024-06-30T06:59:17.875Z] >>> [apiv2][query] POST https://www.googleapis.com/oauth2/v3/token [none]
[debug] [2024-06-30T06:59:17.875Z] >>> [apiv2][body] POST https://www.googleapis.com/oauth2/v3/token [omitted]
[debug] [2024-06-30T06:59:18.091Z] <<< [apiv2][status] POST https://www.googleapis.com/oauth2/v3/token 200
[debug] [2024-06-30T06:59:18.091Z] <<< [apiv2][body] POST https://www.googleapis.com/oauth2/v3/token [omitted]
[debug] [2024-06-30T06:59:18.104Z] >>> [apiv2][query] GET https://firebase.googleapis.com/v1beta1/projects pageSize=100
[debug] [2024-06-30T06:59:18.763Z] <<< [apiv2][status] GET https://firebase.googleapis.com/v1beta1/projects 200
[debug] [2024-06-30T06:59:18.763Z] <<< [apiv2][body] GET https://firebase.googleapis.com/v1beta1/projects [omitted]
[info] i  Using project expense-tracker-3209f (expense-tracker) 
[info] 
=== Hosting Setup
[debug] [2024-06-30T06:59:22.665Z] >>> [apiv2][query] GET https://firebase.googleapis.com/v1beta1/projects/expense-tracker-3209f [none]
[debug] [2024-06-30T06:59:23.240Z] <<< [apiv2][status] GET https://firebase.googleapis.com/v1beta1/projects/expense-tracker-3209f 200
[debug] [2024-06-30T06:59:23.240Z] <<< [apiv2][body] GET https://firebase.googleapis.com/v1beta1/projects/expense-tracker-3209f {"projectId":"expense-tracker-3209f","projectNumber":"558234342157","displayName":"expense-tracker","name":"projects/expense-tracker-3209f","resources":{"hostingSite":"expense-tracker-3209f"},"state":"ACTIVE","etag":"1_2269f947-3a10-451a-8764-5216a53bd2ae"}
[info] 
[info] Your public directory is the folder (relative to your project directory) that
[info] will contain Hosting assets to be uploaded with firebase deploy. If you
[info] have a build process for your assets, use your build's output directory.
[info] 
[info] +  Wrote y/404.html 
[debug] [2024-06-30T06:59:59.007Z] >>> [apiv2][query] GET https://www.gstatic.com/firebasejs/releases.json [none]
[debug] [2024-06-30T06:59:59.109Z] <<< [apiv2][status] GET https://www.gstatic.com/firebasejs/releases.json 200
[debug] [2024-06-30T06:59:59.109Z] <<< [apiv2][body] GET https://www.gstatic.com/firebasejs/releases.json {"current":{"version":"10.12.2","browserURL":"https://www.gstatic.com/firebasejs/10.12.2/firebase.js","packageURL":"https://www.gstatic.com/firebasejs/10.12.2/firebase.tgz"},"live":{"version":"10.12","browserURL":"https://www.gstatic.com/firebasejs/live/10.12/firebase.js","packageURL":"https://www.gstatic.com/firebasejs/live/10.12/firebase.tgz"},"components":{"analytics":"https://www.gstatic.com/firebasejs/10.12.2/firebase-analytics.js","app":"https://www.gstatic.com/firebasejs/10.12.2/firebase-app.js","app-check":"https://www.gstatic.com/firebasejs/10.12.2/firebase-app-check.js","auth":"https://www.gstatic.com/firebasejs/10.12.2/firebase-auth.js","auth/cordova":"https://www.gstatic.com/firebasejs/10.12.2/firebase-auth/cordova.js","auth/web-extension":"https://www.gstatic.com/firebasejs/10.12.2/firebase-auth/web-extension.js","functions":"https://www.gstatic.com/firebasejs/10.12.2/firebase-functions.js","firestore":"https://www.gstatic.com/firebasejs/10.12.2/firebase-firestore.js","firestore/lite":"https://www.gstatic.com/firebasejs/10.12.2/firebase-firestore/lite.js","installations":"https://www.gstatic.com/firebasejs/10.12.2/firebase-installations.js","storage":"https://www.gstatic.com/firebasejs/10.12.2/firebase-storage.js","performance":"https://www.gstatic.com/firebasejs/10.12.2/firebase-performance.js","remote-config":"https://www.gstatic.com/firebasejs/10.12.2/firebase-remote-config.js","messaging":"https://www.gstatic.com/firebasejs/10.12.2/firebase-messaging.js","messaging/sw":"https://www.gstatic.com/firebasejs/10.12.2/firebase-messaging/sw.js","database":"https://www.gstatic.com/firebasejs/10.12.2/firebase-database.js","vertexai-preview":"https://www.gstatic.com/firebasejs/10.12.2/firebase-vertexai-preview.js","firestore.memory":"https://www.gstatic.com/firebasejs/10.12.2/firebase-firestore.memory.js"}}
[info] +  Wrote y/index.html 
[info] 
[info] i  Detected a .git folder at C:\Users\dell 
[info] i  Authorizing with GitHub to upload your service account to a GitHub repository's secrets store. 
[info] 
[info] Visit this URL on this device to log in:
[info] https://github.com/login/oauth/authorize?client_id=89cf50f02ac6aaed3484&state=303544442&redirect_uri=http%3A%2F%2Flocalhost%3A9005&scope=read%3Auser%20repo%20public_repo
[info] 
[info] Waiting for authentication...
[debug] [2024-06-30T07:02:33.899Z] >>> [apiv2][query] POST https://github.com/login/oauth/access_token [none]
[debug] [2024-06-30T07:02:33.902Z] >>> [apiv2][body] POST https://github.com/login/oauth/access_token [stream]
[debug] [2024-06-30T07:02:34.328Z] <<< [apiv2][status] POST https://github.com/login/oauth/access_token 200
[debug] [2024-06-30T07:02:34.328Z] <<< [apiv2][body] POST https://github.com/login/oauth/access_token {"access_token":"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","token_type":"bearer","scope":"read:user,repo"}
[debug] [2024-06-30T07:02:34.350Z] >>> [apiv2][query] GET https://api.github.com/user [none]
[debug] [2024-06-30T07:02:34.769Z] <<< [apiv2][status] GET https://api.github.com/user 200
[debug] [2024-06-30T07:02:34.769Z] <<< [apiv2][body] GET https://api.github.com/user {"login":"aditya28singh","id":141570710,"node_id":"U_kgDOCHAylg","avatar_url":"https://avatars.githubusercontent.com/u/141570710?v=4","gravatar_id":"","url":"https://api.github.com/users/aditya28singh","html_url":"https://github.com/aditya28singh","followers_url":"https://api.github.com/users/aditya28singh/followers","following_url":"https://api.github.com/users/aditya28singh/following{/other_user}","gists_url":"https://api.github.com/users/aditya28singh/gists{/gist_id}","starred_url":"https://api.github.com/users/aditya28singh/starred{/owner}{/repo}","subscriptions_url":"https://api.github.com/users/aditya28singh/subscriptions","organizations_url":"https://api.github.com/users/aditya28singh/orgs","repos_url":"https://api.github.com/users/aditya28singh/repos","events_url":"https://api.github.com/users/aditya28singh/events{/privacy}","received_events_url":"https://api.github.com/users/aditya28singh/received_events","type":"User","site_admin":false,"name":"Aditya Singh","company":null,"blog":"","location":null,"email":null,"hireable":null,"bio":"Engineering Undergrad\r\n","twitter_username":null,"public_repos":3,"public_gists":0,"followers":0,"following":0,"created_at":"2023-08-06T15:07:02Z","updated_at":"2024-05-21T06:59:06Z","private_gists":0,"total_private_repos":0,"owned_private_repos":0,"disk_usage":3722,"collaborators":0,"two_factor_authentication":false,"plan":{"name":"free","space":976562499,"collaborators":0,"private_repos":10000}}
[info] 
[info] +  Success! Logged into GitHub as aditya28singh 
[info] 
